  [4;36;1mSQL (0.0ms)[0m   [0;1m SELECT name
 FROM sqlite_master
 WHERE type = 'table' AND NOT name = 'sqlite_sequence'
[0m
  [4;35;1mSQL (0.0ms)[0m   [0mselect sqlite_version(*)[0m
  [4;36;1mSQL (62.0ms)[0m   [0;1mCREATE TABLE "schema_migrations" ("version" varchar(255) NOT NULL) [0m
  [4;35;1mSQL (47.0ms)[0m   [0mCREATE UNIQUE INDEX "unique_schema_migrations" ON "schema_migrations" ("version")[0m
  [4;36;1mSQL (0.0ms)[0m   [0;1m SELECT name
 FROM sqlite_master
 WHERE type = 'table' AND NOT name = 'sqlite_sequence'
[0m
  [4;35;1mSQL (0.0ms)[0m   [0mSELECT version FROM schema_migrations[0m
Migrating to CreateContacts (20091121082732)
  [4;36;1mSQL (0.0ms)[0m   [0;1mCREATE TABLE "contacts" ("id" INTEGER PRIMARY KEY AUTOINCREMENT NOT NULL, "imie" varchar(255), "nazwisko" varchar(255), "email" varchar(255), "tel" varchar(255), "created_at" datetime, "updated_at" datetime) [0m
  [4;35;1mSQL (0.0ms)[0m   [0mINSERT INTO schema_migrations (version) VALUES ('20091121082732')[0m
  [4;36;1mSQL (0.0ms)[0m   [0;1m SELECT name
 FROM sqlite_master
 WHERE type = 'table' AND NOT name = 'sqlite_sequence'
[0m
  [4;35;1mSQL (0.0ms)[0m   [0mSELECT version FROM schema_migrations[0m
  [4;36;1mSQL (0.0ms)[0m   [0;1m SELECT name
 FROM sqlite_master
 WHERE type = 'table' AND NOT name = 'sqlite_sequence'
[0m
  [4;35;1mSQL (0.0ms)[0m   [0mPRAGMA index_list("contacts")[0m


Processing ApplicationController#index (for 127.0.0.1 at 2009-11-21 09:32:37) [GET]

ActionController::RoutingError (No route matches "/" with {:method=>:get}):
  

Rendering rescues/layout (not_found)


Processing ContactsController#index (for 127.0.0.1 at 2009-11-21 09:32:50) [GET]
  [4;36;1mContact Load (0.0ms)[0m   [0;1mSELECT * FROM "contacts" [0m
Rendering template within layouts/contacts
Rendering contacts/index
Completed in 4056ms (View: 4056, DB: 0) | 200 OK [http://localhost/]


Processing ContactsController#index (for 127.0.0.1 at 2009-11-21 09:33:18) [GET]
  [4;35;1mContact Load (16.0ms)[0m   [0mSELECT * FROM "contacts" [0m
Rendering template within layouts/application
Rendering contacts/index
Rendered layouts/_menu (0.0ms)
Rendered layouts/_sidebar (0.0ms)
Completed in 78ms (View: 47, DB: 16) | 200 OK [http://localhost/]


Processing ApplicationController#index (for 127.0.0.1 at 2009-11-21 09:33:19) [GET]

ActionController::RoutingError (No route matches "/images/favicon.ico" with {:method=>:get}):
  

Rendering rescues/layout (not_found)


Processing ApplicationController#index (for 127.0.0.1 at 2009-11-21 09:33:22) [GET]

ActionController::RoutingError (No route matches "/images/favicon.ico" with {:method=>:get}):
  

Rendering rescues/layout (not_found)


Processing ContactsController#index (for 127.0.0.1 at 2009-11-21 09:33:37) [GET]
  [4;36;1mContact Load (0.0ms)[0m   [0;1mSELECT * FROM "contacts" [0m
Rendering template within layouts/application
Rendering contacts/index
Rendered layouts/_menu (0.0ms)
Rendered layouts/_sidebar (0.0ms)
Completed in 16ms (View: 0, DB: 0) | 200 OK [http://localhost/]


Processing ContactsController#index (for 127.0.0.1 at 2009-11-21 09:33:59) [GET]
  [4;35;1mContact Load (0.0ms)[0m   [0mSELECT * FROM "contacts" [0m
Rendering template within layouts/application
Rendering contacts/index
Rendered layouts/_menu (0.0ms)
Rendered layouts/_sidebar (0.0ms)
Completed in 31ms (View: 16, DB: 0) | 200 OK [http://localhost/]


Processing ContactsController#index (for 127.0.0.1 at 2009-11-21 09:34:17) [GET]
  [4;36;1mContact Load (0.0ms)[0m   [0;1mSELECT * FROM "contacts" [0m
Rendering template within layouts/application
Rendering contacts/index
Rendered layouts/_menu (0.0ms)
Rendered layouts/_sidebar (0.0ms)
Completed in 32ms (View: 0, DB: 0) | 200 OK [http://localhost/]


Processing ContactsController#index (for 127.0.0.1 at 2009-11-21 09:34:34) [GET]
  [4;35;1mContact Load (0.0ms)[0m   [0mSELECT * FROM "contacts" [0m
Rendering template within layouts/application
Rendering contacts/index
Rendered layouts/_menu (0.0ms)
Rendered layouts/_sidebar (0.0ms)
Completed in 15ms (View: 15, DB: 0) | 200 OK [http://localhost/]


Processing ContactsController#index (for 127.0.0.1 at 2009-11-21 09:34:55) [GET]
  [4;36;1mContact Load (0.0ms)[0m   [0;1mSELECT * FROM "contacts" [0m
Rendering template within layouts/application
Rendering contacts/index
Rendered layouts/_menu (0.0ms)
Rendered layouts/_sidebar (0.0ms)
Completed in 31ms (View: 15, DB: 0) | 200 OK [http://localhost/]


Processing ContactsController#index (for 127.0.0.1 at 2009-11-21 09:35:09) [GET]
  [4;35;1mContact Load (0.0ms)[0m   [0mSELECT * FROM "contacts" [0m
Rendering template within layouts/application
Rendering contacts/index
Rendered layouts/_menu (0.0ms)
Rendered layouts/_sidebar (0.0ms)
Completed in 15ms (View: 0, DB: 0) | 200 OK [http://localhost/]


Processing ContactsController#index (for 127.0.0.1 at 2009-11-21 09:35:22) [GET]
  [4;36;1mContact Load (16.0ms)[0m   [0;1mSELECT * FROM "contacts" [0m
Rendering template within layouts/application
Rendering contacts/index
Rendered layouts/_menu (0.0ms)
Rendered layouts/_sidebar (0.0ms)
Completed in 31ms (View: 15, DB: 16) | 200 OK [http://localhost/]


Processing ContactsController#index (for 127.0.0.1 at 2009-11-21 09:35:34) [GET]
  [4;35;1mContact Load (16.0ms)[0m   [0mSELECT * FROM "contacts" [0m
Rendering template within layouts/application
Rendering contacts/index
Rendered layouts/_menu (0.0ms)
Rendered layouts/_sidebar (0.0ms)
Completed in 16ms (View: 0, DB: 16) | 200 OK [http://localhost/]


Processing ContactsController#index (for 127.0.0.1 at 2009-11-21 09:35:46) [GET]
  [4;36;1mContact Load (16.0ms)[0m   [0;1mSELECT * FROM "contacts" [0m
Rendering template within layouts/application
Rendering contacts/index
Rendered layouts/_menu (0.0ms)
Rendered layouts/_sidebar (0.0ms)
Completed in 16ms (View: 0, DB: 16) | 200 OK [http://localhost/]


Processing ContactsController#index (for 127.0.0.1 at 2009-11-21 09:35:58) [GET]
  [4;35;1mContact Load (16.0ms)[0m   [0mSELECT * FROM "contacts" [0m
Rendering template within layouts/application
Rendering contacts/index
Rendered layouts/_menu (0.0ms)
Rendered layouts/_sidebar (0.0ms)
Completed in 16ms (View: 0, DB: 16) | 200 OK [http://localhost/]


Processing ContactsController#index (for 127.0.0.1 at 2009-11-21 09:36:14) [GET]
  [4;36;1mContact Load (0.0ms)[0m   [0;1mSELECT * FROM "contacts" [0m
Rendering template within layouts/application
Rendering contacts/index
Rendered layouts/_menu (0.0ms)
Rendered layouts/_sidebar (0.0ms)
Completed in 31ms (View: 16, DB: 0) | 200 OK [http://localhost/]


Processing ContactsController#index (for 127.0.0.1 at 2009-11-21 09:36:24) [GET]
  [4;35;1mContact Load (0.0ms)[0m   [0mSELECT * FROM "contacts" [0m
Rendering template within layouts/application
Rendering contacts/index
Rendered layouts/_menu (0.0ms)
Rendered layouts/_sidebar (0.0ms)
Completed in 31ms (View: 16, DB: 0) | 200 OK [http://localhost/]


Processing ContactsController#index (for 127.0.0.1 at 2009-11-21 09:36:34) [GET]
  [4;36;1mContact Load (0.0ms)[0m   [0;1mSELECT * FROM "contacts" [0m
Rendering template within layouts/application
Rendering contacts/index
Rendered layouts/_menu (0.0ms)
Rendered layouts/_sidebar (0.0ms)
Completed in 46ms (View: 15, DB: 0) | 200 OK [http://localhost/]


Processing ContactsController#index (for 127.0.0.1 at 2009-11-21 09:36:44) [GET]
  [4;35;1mContact Load (0.0ms)[0m   [0mSELECT * FROM "contacts" [0m
Rendering template within layouts/application
Rendering contacts/index
Rendered layouts/_menu (0.0ms)
Rendered layouts/_sidebar (0.0ms)
Completed in 31ms (View: 15, DB: 0) | 200 OK [http://localhost/]


Processing ContactsController#index (for 127.0.0.1 at 2009-11-21 09:36:47) [GET]
  [4;36;1mContact Load (15.0ms)[0m   [0;1mSELECT * FROM "contacts" [0m
Rendering template within layouts/application
Rendering contacts/index
Rendered layouts/_menu (0.0ms)
Rendered layouts/_sidebar (0.0ms)
Completed in 15ms (View: 0, DB: 15) | 200 OK [http://localhost/]


Processing ContactsController#index (for 127.0.0.1 at 2009-11-21 09:36:53) [GET]
  [4;35;1mContact Load (0.0ms)[0m   [0mSELECT * FROM "contacts" [0m
Rendering template within layouts/application
Rendering contacts/index
Rendered layouts/_menu (0.0ms)
Rendered layouts/_sidebar (0.0ms)
Completed in 32ms (View: 16, DB: 0) | 200 OK [http://localhost/]


Processing ContactsController#index (for 127.0.0.1 at 2009-11-21 09:37:02) [GET]
  [4;36;1mContact Load (0.0ms)[0m   [0;1mSELECT * FROM "contacts" [0m
Rendering template within layouts/application
Rendering contacts/index
Rendered layouts/_menu (0.0ms)
Rendered layouts/_sidebar (0.0ms)
Completed in 47ms (View: 16, DB: 0) | 200 OK [http://localhost/]


Processing OriginalTemplateController#index (for 127.0.0.1 at 2009-11-21 09:37:13) [GET]
Rendering template within layouts/application
Rendering original_template/index
Completed in 109ms (View: 109, DB: 0) | 200 OK [http://localhost/original_template]


Processing ContactsController#index (for 127.0.0.1 at 2009-11-21 09:52:15) [GET]
  [4;35;1mContact Load (2.0ms)[0m   [0mSELECT * FROM "contacts" [0m
Rendering template within layouts/application
Rendering contacts/index

ActionView::TemplateError (undefined method `gravatar_image_tag' for #<ActionView::Base:0x5f72740>) on line #10 of app/views/contacts/index.html.erb:
7:     <th>Email</th>
8:     <th>Tel</th>
9:   </tr>
10: <%gravatar_image_tag('spam@spam.com'.gsub('spam', 'mdeering'), :alt => 'Michael Deering')%>
11: <% @contacts.each do |contact| %>
12:   <tr>
13:     <td><%=h contact.imie %></td>

    app/views/contacts/index.html.erb:10
    app/controllers/contacts_controller.rb:7:in `index'

Rendered rescues/_trace (102.0ms)
Rendered rescues/_request_and_response (4.0ms)
Rendering rescues/layout (internal_server_error)


Processing ContactsController#index (for 127.0.0.1 at 2009-11-21 09:53:04) [GET]
  [4;36;1mContact Load (1.0ms)[0m   [0;1mSELECT * FROM "contacts" [0m
Rendering template within layouts/application
Rendering contacts/index

ActionView::TemplateError (undefined method `gravatar_image_tag' for #<ActionView::Base:0x5e0b514>) on line #10 of app/views/contacts/index.html.erb:
7:     <th>Email</th>
8:     <th>Tel</th>
9:   </tr>
10:   <%=gravatar_image_tag('junk', :alt => 'Default Gravatar Image')%>
11:   <% @contacts.each do |contact| %>
12:     <tr>
13:       <td><%=h contact.imie %></td>

    app/views/contacts/index.html.erb:10
    app/controllers/contacts_controller.rb:7:in `index'

Rendered rescues/_trace (94.0ms)
Rendered rescues/_request_and_response (0.0ms)
Rendering rescues/layout (internal_server_error)


Processing ContactsController#index (for 127.0.0.1 at 2009-11-21 09:53:15) [GET]
  [4;35;1mContact Load (1.0ms)[0m   [0mSELECT * FROM "contacts" [0m
Rendering template within layouts/application
Rendering contacts/index

ActionView::TemplateError (undefined method `gravatar_image_tag' for #<ActionView::Base:0x5e5ae0c>) on line #10 of app/views/contacts/index.html.erb:
7:     <th>Email</th>
8:     <th>Tel</th>
9:   </tr>
10:   <%=gravatar_image_tag('junk', :alt => 'Default Gravatar Image') %>
11:   <% @contacts.each do |contact| %>
12:     <tr>
13:       <td><%=h contact.imie %></td>

    app/views/contacts/index.html.erb:10
    app/controllers/contacts_controller.rb:7:in `index'

Rendered rescues/_trace (94.0ms)
Rendered rescues/_request_and_response (1.0ms)
Rendering rescues/layout (internal_server_error)


Processing ContactsController#index (for 127.0.0.1 at 2009-11-21 09:54:02) [GET]
  [4;36;1mContact Load (1.0ms)[0m   [0;1mSELECT * FROM "contacts" [0m
Rendering template within layouts/application
Rendering contacts/index

ActionView::TemplateError (undefined method `gravatar_image_tag' for #<ActionView::Base:0x5e796e0>) on line #10 of app/views/contacts/index.html.erb:
7:     <th>Email</th>
8:     <th>Tel</th>
9:   </tr>
10:   <%=gravatar_image_tag('junk', :alt => 'Default Gravatar Image') %>
11:   <% @contacts.each do |contact| %>
12:     <tr>
13:       <td><%=h contact.imie %></td>

    app/views/contacts/index.html.erb:10
    app/controllers/contacts_controller.rb:7:in `index'

Rendered rescues/_trace (172.0ms)
Rendered rescues/_request_and_response (0.0ms)
Rendering rescues/layout (internal_server_error)


Processing ContactsController#index (for 127.0.0.1 at 2009-11-21 09:54:15) [GET]
  [4;35;1mContact Load (1.0ms)[0m   [0mSELECT * FROM "contacts" [0m
Rendering template within layouts/application
Rendering contacts/index
Rendered layouts/_menu (0.0ms)
Rendered layouts/_sidebar (0.0ms)
Completed in 30ms (View: 20, DB: 1) | 200 OK [http://localhost/]


Processing ContactsController#index (for 127.0.0.1 at 2009-11-21 09:58:08) [GET]
  [4;36;1mContact Load (1.0ms)[0m   [0;1mSELECT * FROM "contacts" [0m
Rendering template within layouts/application
Rendering contacts/index
Rendered layouts/_menu (0.0ms)
Rendered layouts/_sidebar (0.0ms)
Completed in 36ms (View: 25, DB: 1) | 200 OK [http://localhost/]


Processing ContactsController#new (for 127.0.0.1 at 2009-11-21 09:58:17) [GET]
Rendering template within layouts/application
Rendering contacts/new
Rendered layouts/_menu (0.0ms)
Rendered layouts/_sidebar (0.0ms)
Completed in 140ms (View: 118, DB: 0) | 200 OK [http://localhost/contacts/new]


Processing ContactsController#create (for 127.0.0.1 at 2009-11-21 09:58:33) [POST]
  Parameters: {"commit"=>"Create", "authenticity_token"=>"7xGpW63jOOcLpMVLpO6dJYFv28MpJc04KLzJ/i2eJik=", "contact"=>{"imie"=>"sdgf", "nazwisko"=>"sdfs", "tel"=>"sdfsd", "email"=>"manfred19@o2.pl"}}
  [4;35;1mContact Create (57.0ms)[0m   [0mINSERT INTO "contacts" ("imie", "nazwisko", "updated_at", "tel", "email", "created_at") VALUES('sdgf', 'sdfs', '2009-11-21 08:58:33', 'sdfsd', 'manfred19@o2.pl', '2009-11-21 08:58:33')[0m
Redirected to http://localhost:3000/contacts/1
Completed in 131ms (DB: 57) | 302 Found [http://localhost/contacts]


Processing ContactsController#show (for 127.0.0.1 at 2009-11-21 09:58:34) [GET]
  Parameters: {"id"=>"1"}
  [4;36;1mContact Load (0.0ms)[0m   [0;1mSELECT * FROM "contacts" WHERE ("contacts"."id" = 1) [0m
Rendering template within layouts/application
Rendering contacts/show
Rendered layouts/_menu (0.0ms)
Rendered layouts/_sidebar (1.0ms)
Completed in 33ms (View: 21, DB: 0) | 200 OK [http://localhost/contacts/1]


Processing ContactsController#index (for 127.0.0.1 at 2009-11-21 09:58:40) [GET]
  [4;35;1mContact Load (1.0ms)[0m   [0mSELECT * FROM "contacts" [0m
Rendering template within layouts/application
Rendering contacts/index

ActionView::TemplateError (undefined local variable or method `default_gravatar_image' for #<ActionView::Base:0x5eb1d60>) on line #13 of app/views/contacts/index.html.erb:
10: 
11:   <% @contacts.each do |contact| %>
12:     <tr>
13:       <td><%= gravatar_image_tag(contact.email, :alt => default_gravatar_image) %></td>
14:       <td><%=h contact.imie %></td>
15:       <td><%=h contact.nazwisko %></td>
16:       <td><%=h contact.email %></td>

    app/views/contacts/index.html.erb:13
    app/views/contacts/index.html.erb:11:in `each'
    app/views/contacts/index.html.erb:11
    app/controllers/contacts_controller.rb:7:in `index'

Rendered rescues/_trace (175.0ms)
Rendered rescues/_request_and_response (1.0ms)
Rendering rescues/layout (internal_server_error)


Processing ContactsController#index (for 127.0.0.1 at 2009-11-21 10:01:16) [GET]
  [4;36;1mContact Load (1.0ms)[0m   [0;1mSELECT * FROM "contacts" [0m
Rendering template within layouts/application
Rendering contacts/index

ActionView::TemplateError (undefined local variable or method `default_gravatar_image' for #<ActionView::Base:0x5f4a970>) on line #13 of app/views/contacts/index.html.erb:
10: 
11:   <% @contacts.each do |contact| %>
12:     <tr>
13:       <td><%= gravatar_image_tag(contact.email, :alt => default_gravatar_image) %></td>
14:       <td><%=h contact.imie %></td>
15:       <td><%=h contact.nazwisko %></td>
16:       <td><%=h contact.email %></td>

    app/views/contacts/index.html.erb:13
    app/views/contacts/index.html.erb:11:in `each'
    app/views/contacts/index.html.erb:11
    app/controllers/contacts_controller.rb:7:in `index'

Rendered rescues/_trace (97.0ms)
Rendered rescues/_request_and_response (0.0ms)
Rendering rescues/layout (internal_server_error)
  [4;36;1mSQL (0.0ms)[0m   [0;1m SELECT name
 FROM sqlite_master
 WHERE type = 'table' AND NOT name = 'sqlite_sequence'
[0m
  [4;35;1mSQL (0.0ms)[0m   [0mSELECT version FROM schema_migrations[0m
  [4;36;1mSQL (0.0ms)[0m   [0;1m SELECT name
 FROM sqlite_master
 WHERE type = 'table' AND NOT name = 'sqlite_sequence'
[0m
  [4;35;1mSQL (0.0ms)[0m   [0mSELECT version FROM schema_migrations[0m
Migrating to CreateContacts (20091121082732)
Migrating to CreateAddresses (20091121091208)
  [4;36;1mSQL (1.0ms)[0m   [0;1mselect sqlite_version(*)[0m
  [4;35;1mSQL (1.0ms)[0m   [0mCREATE TABLE "addresses" ("id" INTEGER PRIMARY KEY AUTOINCREMENT NOT NULL, "street" varchar(255), "locality" varchar(255), "city" varchar(255), "state" varchar(255), "country" varchar(255), "zip" varchar(255), "lat" varchar(255), "lng" varchar(255), "created_at" datetime, "updated_at" datetime) [0m
  [4;36;1mSQL (0.0ms)[0m   [0;1mINSERT INTO schema_migrations (version) VALUES ('20091121091208')[0m
  [4;35;1mSQL (1.0ms)[0m   [0m SELECT name
 FROM sqlite_master
 WHERE type = 'table' AND NOT name = 'sqlite_sequence'
[0m
  [4;36;1mSQL (0.0ms)[0m   [0;1mSELECT version FROM schema_migrations[0m
  [4;35;1mSQL (0.0ms)[0m   [0m SELECT name
 FROM sqlite_master
 WHERE type = 'table' AND NOT name = 'sqlite_sequence'
[0m
  [4;36;1mSQL (0.0ms)[0m   [0;1mPRAGMA index_list("addresses")[0m
  [4;35;1mSQL (0.0ms)[0m   [0mPRAGMA index_list("contacts")[0m


Processing ContactsController#index (for 127.0.0.1 at 2009-11-21 10:17:43) [GET]
  [4;35;1mContact Load (1.0ms)[0m   [0mSELECT * FROM "contacts" [0m
Rendering template within layouts/application
Rendering contacts/index
Rendered layouts/_menu (0.0ms)
Rendered layouts/_sidebar (0.0ms)
Completed in 127ms (View: 116, DB: 1) | 200 OK [http://localhost/]


Processing ContactsController#new (for 127.0.0.1 at 2009-11-21 10:17:51) [GET]
Rendering template within layouts/application
Rendering contacts/new

ActionView::TemplateError (undefined method `street_field' for #<ActionView::Base:0x5f3cc58>) on line #4 of app/views/contacts/new.html.erb:
1: <h1>New contact</h1>
2: <% form_tag('#') do  -%>
3:    <%= label :address,"street","Street" -%>
4:    <%= street_field :address, "street" %>
5: 
6:    <%= label :address,"locality","Locality" -%>
7:    <%= locality_field :address, "locality" %>

    app/views/contacts/new.html.erb:4
    app/views/contacts/new.html.erb:2
    app/controllers/contacts_controller.rb:29:in `new'

Rendered rescues/_trace (181.0ms)
Rendered rescues/_request_and_response (0.0ms)
Rendering rescues/layout (internal_server_error)


Processing ContactsController#index (for 127.0.0.1 at 2009-11-21 10:21:54) [GET]
  [4;36;1mContact Load (1.0ms)[0m   [0;1mSELECT * FROM "contacts" [0m
Rendering template within layouts/application
Rendering contacts/index
Rendered layouts/_menu (0.0ms)
Rendered layouts/_sidebar (1.0ms)
Completed in 34ms (View: 22, DB: 1) | 200 OK [http://localhost/]


Processing ContactsController#new (for 127.0.0.1 at 2009-11-21 10:22:01) [GET]
Rendering template within layouts/application
Rendering contacts/new

ActionView::TemplateError (undefined method `street_field' for #<ActionView::Base:0x5ed8938>) on line #4 of app/views/contacts/new.html.erb:
1: <h1>New contact</h1>
2: 
3:    <%= label :address,"street","Street" -%>
4:    <%= street_field :address, "street" %>
5: 
6:    <%= label :address,"locality","Locality" -%>
7:    <%= locality_field :address, "locality" %>

    app/views/contacts/new.html.erb:4
    app/controllers/contacts_controller.rb:29:in `new'

Rendered rescues/_trace (171.0ms)
Rendered rescues/_request_and_response (1.0ms)
Rendering rescues/layout (internal_server_error)


Processing ContactsController#index (for 127.0.0.1 at 2009-11-21 10:22:25) [GET]
  [4;35;1mContact Load (1.0ms)[0m   [0mSELECT * FROM "contacts" [0m
Rendering template within layouts/application
Rendering contacts/index
Rendered layouts/_menu (0.0ms)
Rendered layouts/_sidebar (0.0ms)
Completed in 29ms (View: 20, DB: 1) | 200 OK [http://localhost/]


Processing ContactsController#new (for 127.0.0.1 at 2009-11-21 10:22:28) [GET]
Rendering template within layouts/application
Rendering contacts/new

ActionView::TemplateError (undefined method `locality_field' for #<ActionView::Base:0x5ef6424>) on line #7 of app/views/contacts/new.html.erb:
4:  
5: 
6:    <%= label :address,"locality","Locality" -%>
7:    <%= locality_field :address, "locality" %>
8: 
9:    <%= label :address,"city","City" -%>
10:    <%= city_field :address, "city" %>

    app/views/contacts/new.html.erb:7
    app/views/contacts/new.html.erb:2
    app/controllers/contacts_controller.rb:29:in `new'

Rendered rescues/_trace (180.0ms)
Rendered rescues/_request_and_response (1.0ms)
Rendering rescues/layout (internal_server_error)


Processing ContactsController#index (for 127.0.0.1 at 2009-11-21 10:22:49) [GET]
  [4;36;1mContact Load (1.0ms)[0m   [0;1mSELECT * FROM "contacts" [0m
Rendering template within layouts/application
Rendering contacts/index
Rendered layouts/_menu (0.0ms)
Rendered layouts/_sidebar (0.0ms)
Completed in 58ms (View: 36, DB: 1) | 200 OK [http://localhost/]


Processing ContactsController#new (for 127.0.0.1 at 2009-11-21 10:22:57) [GET]
Rendering template within layouts/application
Rendering contacts/new
Rendered layouts/_menu (0.0ms)
Rendered layouts/_sidebar (1.0ms)
Completed in 57ms (View: 35, DB: 0) | 200 OK [http://localhost/contacts/new]


Processing ContactsController#index (for 127.0.0.1 at 2009-11-21 10:29:03) [GET]
  [4;35;1mContact Load (1.0ms)[0m   [0mSELECT * FROM "contacts" [0m
Rendering template within layouts/application
Rendering contacts/index

ActionView::TemplateError (You have a nil object when you didn't expect it!
The error occurred while evaluating nil.city) on line #10 of app/views/contacts/index.html.erb:
7:     <th>Email</th>
8:     <th>Tel</th>
9:   </tr>
10: You are probably from: <%= @location.city %><br />
11:  Country: <%= @location.country_code %>
12: 
13:   <% @contacts.each do |contact| %>

    app/views/contacts/index.html.erb:10
    app/controllers/contacts_controller.rb:7:in `index'

Rendered rescues/_trace (173.0ms)
Rendered rescues/_request_and_response (1.0ms)
Rendering rescues/layout (internal_server_error)


Processing ContactsController#index (for 127.0.0.1 at 2009-11-21 10:41:43) [GET]
  [4;36;1mContact Load (1.0ms)[0m   [0;1mSELECT * FROM "contacts" [0m
Rendering template within layouts/application
Rendering contacts/index

ActionView::TemplateError (You have a nil object when you didn't expect it!
The error occurred while evaluating nil.city) on line #10 of app/views/contacts/index.html.erb:
7:     <th>Email</th>
8:     <th>Tel</th>
9:   </tr>
10: You are probably from: <%= @location.city %> 
11:  Country: <%= @location.country_code %>
12: 
13:   <% @contacts.each do |contact| %>

    app/views/contacts/index.html.erb:10
    app/controllers/contacts_controller.rb:7:in `index'

Rendered rescues/_trace (181.0ms)
Rendered rescues/_request_and_response (1.0ms)
Rendering rescues/layout (internal_server_error)


Processing ContactsController#index (for 127.0.0.1 at 2009-11-21 10:47:23) [GET]
  [4;35;1mContact Load (1.0ms)[0m   [0mSELECT * FROM "contacts" [0m
Rendering template within layouts/application
Rendering contacts/index

ActionView::TemplateError (You have a nil object when you didn't expect it!
The error occurred while evaluating nil.city) on line #10 of app/views/contacts/index.html.erb:
7:     <th>Email</th>
8:     <th>Tel</th>
9:   </tr>
10: You are probably from: <%= @location.city %> 
11:  Country: <%= @location.country_code %>
12: 
13:   <% @contacts.each do |contact| %>

    app/views/contacts/index.html.erb:10
    app/controllers/contacts_controller.rb:7:in `index'

Rendered rescues/_trace (95.0ms)
Rendered rescues/_request_and_response (0.0ms)
Rendering rescues/layout (internal_server_error)


Processing ActionController::Base#index (for 127.0.0.1 at 2009-11-21 10:48:40) [GET]

NameError (uninitialized constant ApplicationController::Geokit):
  app/controllers/application_controller.rb:7
  app/controllers/contacts_controller.rb:1

Rendered rescues/_trace (157.0ms)
Rendered rescues/_request_and_response (1.0ms)
Rendering rescues/layout (internal_server_error)


Processing ActionController::Base#index (for 127.0.0.1 at 2009-11-21 10:50:09) [GET]

NameError (uninitialized constant Geokit):
  app/controllers/application_controller.rb:3
  app/controllers/contacts_controller.rb:1

Rendered rescues/_trace (82.0ms)
Rendered rescues/_request_and_response (0.0ms)
Rendering rescues/layout (internal_server_error)
WARNING: geokit-rails requires the Geokit gem. You either don't have the gem installed,
or you haven't told Rails to require it. If you're using a recent version of Rails: 
  config.gem "geokit" # in config/environment.rb
and of course install the gem: sudo gem install geokit
WARNING: geokit-rails requires the Geokit gem. You either don't have the gem installed,
or you haven't told Rails to require it. If you're using a recent version of Rails: 
  config.gem "geokit" # in config/environment.rb
and of course install the gem: sudo gem install geokit


Processing ContactsController#index (for 127.0.0.1 at 2009-11-21 12:24:27) [GET]
  [4;36;1mContact Load (1.0ms)[0m   [0;1mSELECT * FROM "contacts" [0m
Rendering template within layouts/application
Rendering contacts/index

ActionView::TemplateError (You have a nil object when you didn't expect it!
The error occurred while evaluating nil.city) on line #10 of app/views/contacts/index.html.erb:
7:     <th>Email</th>
8:     <th>Tel</th>
9:   </tr>
10: You are probably from: <%= @location.city %> 
11:  Country: <%= @location.country_code %>
12: 
13:   <% @contacts.each do |contact| %>

    app/views/contacts/index.html.erb:10
    app/controllers/contacts_controller.rb:7:in `index'

Rendered rescues/_trace (173.0ms)
Rendered rescues/_request_and_response (3.0ms)
Rendering rescues/layout (internal_server_error)


Processing ContactsController#index (for 127.0.0.1 at 2009-11-21 12:24:48) [GET]
  [4;35;1mContact Load (1.0ms)[0m   [0mSELECT * FROM "contacts" [0m
Rendering template within layouts/application
Rendering contacts/index
Rendered layouts/_menu (3.0ms)
Rendered layouts/_sidebar (4.0ms)
Completed in 145ms (View: 132, DB: 1) | 200 OK [http://localhost/]


Processing ContactsController#new (for 127.0.0.1 at 2009-11-21 12:25:02) [GET]
Rendering template within layouts/application
Rendering contacts/new
Rendered layouts/_menu (0.0ms)
Rendered layouts/_sidebar (0.0ms)
Completed in 56ms (View: 29, DB: 0) | 200 OK [http://localhost/contacts/new]


Processing ContactsController#index (for 127.0.0.1 at 2009-11-21 12:25:48) [GET]
  [4;36;1mContact Load (1.0ms)[0m   [0;1mSELECT * FROM "contacts" [0m
Rendering template within layouts/application
Rendering contacts/index
Rendered layouts/_menu (1.0ms)
Rendered layouts/_sidebar (0.0ms)
Completed in 43ms (View: 30, DB: 1) | 200 OK [http://localhost/]


Processing ContactsController#new (for 127.0.0.1 at 2009-11-21 12:25:52) [GET]
Rendering template within layouts/application
Rendering contacts/new
Rendered layouts/_menu (0.0ms)
Rendered layouts/_sidebar (0.0ms)
Completed in 46ms (View: 21, DB: 0) | 200 OK [http://localhost/contacts/new]


Processing ContactsController#index (for 127.0.0.1 at 2009-11-21 12:25:58) [GET]
  [4;35;1mContact Load (2.0ms)[0m   [0mSELECT * FROM "contacts" [0m
Rendering template within layouts/application
Rendering contacts/index
Rendered layouts/_menu (1.0ms)
Rendered layouts/_sidebar (0.0ms)
Completed in 55ms (View: 30, DB: 2) | 200 OK [http://localhost/contacts]


Processing ContactsController#index (for 127.0.0.1 at 2009-11-21 12:28:00) [GET]
  [4;36;1mContact Load (1.0ms)[0m   [0;1mSELECT * FROM "contacts" [0m
Rendering template within layouts/application
Rendering contacts/index
Rendered layouts/_menu (2.0ms)
Rendered layouts/_sidebar (0.0ms)
Completed in 46ms (View: 32, DB: 1) | 200 OK [http://localhost/]


Processing ContactsController#index (for 127.0.0.1 at 2009-11-21 12:28:11) [GET]
  [4;35;1mContact Load (2.0ms)[0m   [0mSELECT * FROM "contacts" [0m
Rendering template within layouts/application
Rendering contacts/index
Rendered layouts/_menu (0.0ms)
Rendered layouts/_sidebar (0.0ms)
Completed in 60ms (View: 32, DB: 2) | 200 OK [http://localhost/]


Processing ContactsController#index (for 127.0.0.1 at 2009-11-21 12:28:21) [GET]
  [4;36;1mContact Load (2.0ms)[0m   [0;1mSELECT * FROM "contacts" [0m
Rendering template within layouts/application
Rendering contacts/index
Rendered layouts/_menu (2.0ms)
Rendered layouts/_sidebar (0.0ms)
Completed in 58ms (View: 33, DB: 2) | 200 OK [http://localhost/]


Processing ContactsController#index (for 127.0.0.1 at 2009-11-21 12:29:18) [GET]
  [4;35;1mContact Load (1.0ms)[0m   [0mSELECT * FROM "contacts" [0m
Rendering template within layouts/application
Rendering contacts/index
ERROR: compiling _run_erb_app47views47layouts47_menu46html46erb_locals_menu_object RAISED compile error
E:/studia/07/rails/Kontakty/Kontakty/app/views/layouts/_menu.html.erb:7: syntax error, unexpected ':'
@output_buffer.concat "  ";  content_for :menu do: ; @output_buffer.concat "\n"
                                                  ^
Function body:           def _run_erb_app47views47layouts47_menu46html46erb_locals_menu_object(local_assigns)
            old_output_buffer = output_buffer;menu = local_assigns[:menu];object = local_assigns[:object];;@output_buffer = '';  __in_erb_template=true ; @output_buffer.concat "<div id=\"header_inside\">\n"
@output_buffer.concat "  <h1><span>Site</span> Name</h1>\n"
@output_buffer.concat "  <ul>\n"
@output_buffer.concat "     <li>"; @output_buffer.concat(( link_to "home", "/" ).to_s); @output_buffer.concat "</li>\n"
@output_buffer.concat "     <li>"; @output_buffer.concat(( link_to 'New contact', new_contact_path ).to_s); @output_buffer.concat "</li>   \n"
@output_buffer.concat "  </ul>\n"
@output_buffer.concat "  ";  content_for :menu do: ; @output_buffer.concat "\n"
@output_buffer.concat "  <a href=\"/\">home</a>\n"
@output_buffer.concat "  <a href=\"/login\">sign in</a>\n"
@output_buffer.concat "  <a href=\"/signup\">create account</a>\n"
 end ; @output_buffer.concat "\n"
@output_buffer.concat "\n"
@output_buffer.concat "</div>"; @output_buffer
          ensure
            self.output_buffer = old_output_buffer
          end
Backtrace: E:/studia/07/rails/Kontakty/Kontakty/app/views/layouts/_menu.html.erb:16:in `compile!'
c:/ruby/lib/ruby/gems/1.8/gems/actionpack-2.3.4/lib/action_view/renderable.rb:61:in `compile'
c:/ruby/lib/ruby/gems/1.8/gems/actionpack-2.3.4/lib/action_view/renderable.rb:28:in `render'
c:/ruby/lib/ruby/gems/1.8/gems/actionpack-2.3.4/lib/action_view/renderable_partial.rb:20:in `render'
c:/ruby/lib/ruby/gems/1.8/gems/actionpack-2.3.4/lib/action_controller/benchmarking.rb:26:in `benchmark'
c:/ruby/lib/ruby/gems/1.8/gems/activesupport-2.3.4/lib/active_support/core_ext/benchmark.rb:17:in `ms'
c:/ruby/lib/ruby/gems/1.8/gems/activesupport-2.3.4/lib/active_support/core_ext/benchmark.rb:10:in `realtime'
c:/ruby/lib/ruby/gems/1.8/gems/activesupport-2.3.4/lib/active_support/core_ext/benchmark.rb:17:in `ms'
c:/ruby/lib/ruby/gems/1.8/gems/actionpack-2.3.4/lib/action_controller/benchmarking.rb:26:in `benchmark'
c:/ruby/lib/ruby/gems/1.8/gems/actionpack-2.3.4/lib/action_view/renderable_partial.rb:19:in `render'
c:/ruby/lib/ruby/gems/1.8/gems/actionpack-2.3.4/lib/action_view/template.rb:199:in `render_template'
c:/ruby/lib/ruby/gems/1.8/gems/actionpack-2.3.4/lib/action_view/renderable_partial.rb:44:in `render_partial'
c:/ruby/lib/ruby/gems/1.8/gems/actionpack-2.3.4/lib/action_view/partials.rb:184:in `render_partial'
c:/ruby/lib/ruby/gems/1.8/gems/actionpack-2.3.4/lib/action_view/base.rb:262:in `render'
E:/studia/07/rails/Kontakty/Kontakty/app/helpers/template_helper.rb:6:in `render_or_default'
E:/studia/07/rails/Kontakty/Kontakty/app/views/layouts/application.html.erb:32:in `_run_erb_app47views47layouts47application46html46erb'
c:/ruby/lib/ruby/gems/1.8/gems/actionpack-2.3.4/lib/action_view/renderable.rb:34:in `send'
c:/ruby/lib/ruby/gems/1.8/gems/actionpack-2.3.4/lib/action_view/renderable.rb:34:in `render'
c:/ruby/lib/ruby/gems/1.8/gems/actionpack-2.3.4/lib/action_view/base.rb:301:in `with_template'
c:/ruby/lib/ruby/gems/1.8/gems/actionpack-2.3.4/lib/action_view/renderable.rb:30:in `render'
c:/ruby/lib/ruby/gems/1.8/gems/actionpack-2.3.4/lib/action_view/template.rb:199:in `render_template'
c:/ruby/lib/ruby/gems/1.8/gems/actionpack-2.3.4/lib/action_view/base.rb:260:in `render'
c:/ruby/lib/ruby/gems/1.8/gems/actionpack-2.3.4/lib/action_view/base.rb:347:in `_render_with_layout'
c:/ruby/lib/ruby/gems/1.8/gems/actionpack-2.3.4/lib/action_view/base.rb:257:in `render'
c:/ruby/lib/ruby/gems/1.8/gems/actionpack-2.3.4/lib/action_controller/base.rb:1250:in `render_for_file'
c:/ruby/lib/ruby/gems/1.8/gems/actionpack-2.3.4/lib/action_controller/base.rb:951:in `render_without_benchmark'
c:/ruby/lib/ruby/gems/1.8/gems/actionpack-2.3.4/lib/action_controller/benchmarking.rb:51:in `render'
c:/ruby/lib/ruby/gems/1.8/gems/activesupport-2.3.4/lib/active_support/core_ext/benchmark.rb:17:in `ms'
c:/ruby/lib/ruby/gems/1.8/gems/activesupport-2.3.4/lib/active_support/core_ext/benchmark.rb:10:in `realtime'
c:/ruby/lib/ruby/gems/1.8/gems/activesupport-2.3.4/lib/active_support/core_ext/benchmark.rb:17:in `ms'
c:/ruby/lib/ruby/gems/1.8/gems/actionpack-2.3.4/lib/action_controller/benchmarking.rb:51:in `render'
c:/ruby/lib/ruby/gems/1.8/gems/actionpack-2.3.4/lib/action_controller/mime_responds.rb:135:in `send'
c:/ruby/lib/ruby/gems/1.8/gems/actionpack-2.3.4/lib/action_controller/mime_responds.rb:135:in `custom'
c:/ruby/lib/ruby/gems/1.8/gems/actionpack-2.3.4/lib/action_controller/mime_responds.rb:179:in `call'
c:/ruby/lib/ruby/gems/1.8/gems/actionpack-2.3.4/lib/action_controller/mime_responds.rb:179:in `respond'
c:/ruby/lib/ruby/gems/1.8/gems/actionpack-2.3.4/lib/action_controller/mime_responds.rb:173:in `each'
c:/ruby/lib/ruby/gems/1.8/gems/actionpack-2.3.4/lib/action_controller/mime_responds.rb:173:in `respond'
c:/ruby/lib/ruby/gems/1.8/gems/actionpack-2.3.4/lib/action_controller/mime_responds.rb:107:in `respond_to'
E:/studia/07/rails/Kontakty/Kontakty/app/controllers/contacts_controller.rb:7:in `index'
c:/ruby/lib/ruby/gems/1.8/gems/actionpack-2.3.4/lib/action_controller/base.rb:1331:in `send'
c:/ruby/lib/ruby/gems/1.8/gems/actionpack-2.3.4/lib/action_controller/base.rb:1331:in `perform_action_without_filters'
c:/ruby/lib/ruby/gems/1.8/gems/actionpack-2.3.4/lib/action_controller/filters.rb:617:in `call_filters'
c:/ruby/lib/ruby/gems/1.8/gems/actionpack-2.3.4/lib/action_controller/filters.rb:610:in `perform_action_without_benchmark'
c:/ruby/lib/ruby/gems/1.8/gems/actionpack-2.3.4/lib/action_controller/benchmarking.rb:68:in `perform_action_without_rescue'
c:/ruby/lib/ruby/gems/1.8/gems/activesupport-2.3.4/lib/active_support/core_ext/benchmark.rb:17:in `ms'
c:/ruby/lib/ruby/gems/1.8/gems/activesupport-2.3.4/lib/active_support/core_ext/benchmark.rb:10:in `realtime'
c:/ruby/lib/ruby/gems/1.8/gems/activesupport-2.3.4/lib/active_support/core_ext/benchmark.rb:17:in `ms'
c:/ruby/lib/ruby/gems/1.8/gems/actionpack-2.3.4/lib/action_controller/benchmarking.rb:68:in `perform_action_without_rescue'
c:/ruby/lib/ruby/gems/1.8/gems/actionpack-2.3.4/lib/action_controller/rescue.rb:160:in `perform_action_without_flash'
c:/ruby/lib/ruby/gems/1.8/gems/actionpack-2.3.4/lib/action_controller/flash.rb:146:in `perform_action'
c:/ruby/lib/ruby/gems/1.8/gems/actionpack-2.3.4/lib/action_controller/base.rb:532:in `send'
c:/ruby/lib/ruby/gems/1.8/gems/actionpack-2.3.4/lib/action_controller/base.rb:532:in `process_without_filters'
c:/ruby/lib/ruby/gems/1.8/gems/actionpack-2.3.4/lib/action_controller/filters.rb:606:in `process'
c:/ruby/lib/ruby/gems/1.8/gems/actionpack-2.3.4/lib/action_controller/base.rb:391:in `process'
c:/ruby/lib/ruby/gems/1.8/gems/actionpack-2.3.4/lib/action_controller/base.rb:386:in `call'
c:/ruby/lib/ruby/gems/1.8/gems/actionpack-2.3.4/lib/action_controller/routing/route_set.rb:437:in `call'
c:/ruby/lib/ruby/gems/1.8/gems/actionpack-2.3.4/lib/action_controller/dispatcher.rb:87:in `dispatch'
c:/ruby/lib/ruby/gems/1.8/gems/actionpack-2.3.4/lib/action_controller/dispatcher.rb:121:in `_call'
c:/ruby/lib/ruby/gems/1.8/gems/actionpack-2.3.4/lib/action_controller/dispatcher.rb:130:in `build_middleware_stack'
c:/ruby/lib/ruby/gems/1.8/gems/activerecord-2.3.4/lib/active_record/query_cache.rb:29:in `call'
c:/ruby/lib/ruby/gems/1.8/gems/activerecord-2.3.4/lib/active_record/query_cache.rb:29:in `call'
c:/ruby/lib/ruby/gems/1.8/gems/activerecord-2.3.4/lib/active_record/connection_adapters/abstract/query_cache.rb:34:in `cache'
c:/ruby/lib/ruby/gems/1.8/gems/activerecord-2.3.4/lib/active_record/query_cache.rb:9:in `cache'
c:/ruby/lib/ruby/gems/1.8/gems/activerecord-2.3.4/lib/active_record/query_cache.rb:28:in `call'
c:/ruby/lib/ruby/gems/1.8/gems/activerecord-2.3.4/lib/active_record/connection_adapters/abstract/connection_pool.rb:361:in `call'
c:/ruby/lib/ruby/gems/1.8/gems/rack-1.0.1/lib/rack/head.rb:9:in `call'
c:/ruby/lib/ruby/gems/1.8/gems/rack-1.0.1/lib/rack/methodoverride.rb:24:in `call'
c:/ruby/lib/ruby/gems/1.8/gems/actionpack-2.3.4/lib/action_controller/params_parser.rb:15:in `call'
c:/ruby/lib/ruby/gems/1.8/gems/actionpack-2.3.4/lib/action_controller/session/cookie_store.rb:93:in `call'
c:/ruby/lib/ruby/gems/1.8/gems/actionpack-2.3.4/lib/action_controller/failsafe.rb:26:in `call'
c:/ruby/lib/ruby/gems/1.8/gems/rack-1.0.1/lib/rack/lock.rb:11:in `call'
c:/ruby/lib/ruby/gems/1.8/gems/rack-1.0.1/lib/rack/lock.rb:11:in `synchronize'
c:/ruby/lib/ruby/gems/1.8/gems/rack-1.0.1/lib/rack/lock.rb:11:in `call'
c:/ruby/lib/ruby/gems/1.8/gems/actionpack-2.3.4/lib/action_controller/dispatcher.rb:114:in `call'
c:/ruby/lib/ruby/gems/1.8/gems/actionpack-2.3.4/lib/action_controller/reloader.rb:34:in `run'
c:/ruby/lib/ruby/gems/1.8/gems/actionpack-2.3.4/lib/action_controller/dispatcher.rb:108:in `call'
c:/ruby/lib/ruby/gems/1.8/gems/rails-2.3.4/lib/rails/rack/static.rb:31:in `call'
c:/ruby/lib/ruby/gems/1.8/gems/rack-1.0.1/lib/rack/urlmap.rb:46:in `call'
c:/ruby/lib/ruby/gems/1.8/gems/rack-1.0.1/lib/rack/urlmap.rb:40:in `each'
c:/ruby/lib/ruby/gems/1.8/gems/rack-1.0.1/lib/rack/urlmap.rb:40:in `call'
c:/ruby/lib/ruby/gems/1.8/gems/rails-2.3.4/lib/rails/rack/log_tailer.rb:17:in `call'
c:/ruby/lib/ruby/gems/1.8/gems/rack-1.0.1/lib/rack/content_length.rb:13:in `call'
c:/ruby/lib/ruby/gems/1.8/gems/rack-1.0.1/lib/rack/chunked.rb:15:in `call'
c:/ruby/lib/ruby/gems/1.8/gems/rack-1.0.1/lib/rack/handler/mongrel.rb:64:in `process'
c:/ruby/lib/ruby/gems/1.8/gems/mongrel-1.1.5-x86-mswin32-60/lib/mongrel.rb:159:in `process_client'
c:/ruby/lib/ruby/gems/1.8/gems/mongrel-1.1.5-x86-mswin32-60/lib/mongrel.rb:158:in `each'
c:/ruby/lib/ruby/gems/1.8/gems/mongrel-1.1.5-x86-mswin32-60/lib/mongrel.rb:158:in `process_client'
c:/ruby/lib/ruby/gems/1.8/gems/mongrel-1.1.5-x86-mswin32-60/lib/mongrel.rb:285:in `run'
c:/ruby/lib/ruby/gems/1.8/gems/mongrel-1.1.5-x86-mswin32-60/lib/mongrel.rb:285:in `initialize'
c:/ruby/lib/ruby/gems/1.8/gems/mongrel-1.1.5-x86-mswin32-60/lib/mongrel.rb:285:in `new'
c:/ruby/lib/ruby/gems/1.8/gems/mongrel-1.1.5-x86-mswin32-60/lib/mongrel.rb:285:in `run'
c:/ruby/lib/ruby/gems/1.8/gems/mongrel-1.1.5-x86-mswin32-60/lib/mongrel.rb:268:in `initialize'
c:/ruby/lib/ruby/gems/1.8/gems/mongrel-1.1.5-x86-mswin32-60/lib/mongrel.rb:268:in `new'
c:/ruby/lib/ruby/gems/1.8/gems/mongrel-1.1.5-x86-mswin32-60/lib/mongrel.rb:268:in `run'
c:/ruby/lib/ruby/gems/1.8/gems/rack-1.0.1/lib/rack/handler/mongrel.rb:34:in `run'
c:/ruby/lib/ruby/gems/1.8/gems/rails-2.3.4/lib/commands/server.rb:111
c:/ruby/lib/ruby/site_ruby/1.8/rubygems/custom_require.rb:31:in `gem_original_require'
c:/ruby/lib/ruby/site_ruby/1.8/rubygems/custom_require.rb:31:in `require'
script/server:3

ActionView::TemplateError (compile error
E:/studia/07/rails/Kontakty/Kontakty/app/views/layouts/_menu.html.erb:7: syntax error, unexpected ':'
@output_buffer.concat "  ";  content_for :menu do: ; @output_buffer.concat "\n"
                                                  ^) on line #7 of app/views/layouts/_menu.html.erb:
4:      <li><%= link_to "home", "/" %></li>
5:      <li><%= link_to 'New contact', new_contact_path %></li>   
6:   </ul>
7:   <% content_for :menu do: %>
8:   <a href="/">home</a>
9:   <a href="/login">sign in</a>
10:   <a href="/signup">create account</a>

    app/views/layouts/_menu.html.erb:16:in `compile!'
    app/helpers/template_helper.rb:6:in `render_or_default'
    app/views/layouts/application.html.erb:32
    app/controllers/contacts_controller.rb:7:in `index'

Rendered rescues/_trace (110.0ms)
Rendered rescues/_request_and_response (1.0ms)
Rendering rescues/layout (internal_server_error)


Processing ContactsController#index (for 127.0.0.1 at 2009-11-21 12:29:40) [GET]
  [4;36;1mContact Load (1.0ms)[0m   [0;1mSELECT * FROM "contacts" [0m
Rendering template within layouts/application
Rendering contacts/index
Rendered layouts/_menu (2.0ms)
Rendered layouts/_sidebar (0.0ms)
Completed in 123ms (View: 111, DB: 1) | 200 OK [http://localhost/]


Processing ContactsController#edit (for 127.0.0.1 at 2009-11-21 12:31:29) [GET]
  Parameters: {"id"=>"1"}
  [4;35;1mContact Load (1.0ms)[0m   [0mSELECT * FROM "contacts" WHERE ("contacts"."id" = 1) [0m
Rendering template within layouts/application
Rendering contacts/edit
Rendered layouts/_menu (0.0ms)
Rendered layouts/_sidebar (0.0ms)
Completed in 43ms (View: 30, DB: 1) | 200 OK [http://localhost/contacts/1/edit]


Processing ContactsController#index (for 127.0.0.1 at 2009-11-21 12:32:35) [GET]
  [4;36;1mContact Load (1.0ms)[0m   [0;1mSELECT * FROM "contacts" [0m
Rendering template within layouts/application
Rendering contacts/index
Rendered layouts/_menu (2.0ms)
Rendered layouts/_sidebar (0.0ms)
Completed in 40ms (View: 28, DB: 1) | 200 OK [http://localhost/]


Processing ContactsController#index (for 127.0.0.1 at 2009-11-21 12:34:19) [GET]
  [4;35;1mContact Load (1.0ms)[0m   [0mSELECT * FROM "contacts" [0m
Rendering template within layouts/application
Rendering contacts/index
Rendered layouts/_menu (2.0ms)
Rendered layouts/_sidebar (0.0ms)
Completed in 45ms (View: 30, DB: 1) | 200 OK [http://localhost/]


Processing ContactsController#index (for 127.0.0.1 at 2009-11-21 12:34:31) [GET]
  [4;36;1mContact Load (1.0ms)[0m   [0;1mSELECT * FROM "contacts" [0m
Rendering template within layouts/application
Rendering contacts/index
Rendered layouts/_menu (2.0ms)
Rendered layouts/_sidebar (0.0ms)
Completed in 42ms (View: 30, DB: 1) | 200 OK [http://localhost/]


Processing ContactsController#index (for 127.0.0.1 at 2009-11-21 12:34:35) [GET]
  [4;35;1mContact Load (1.0ms)[0m   [0mSELECT * FROM "contacts" [0m
Rendering template within layouts/application
Rendering contacts/index
Rendered layouts/_menu (0.0ms)
Rendered layouts/_sidebar (0.0ms)
Completed in 33ms (View: 21, DB: 1) | 200 OK [http://localhost/]


Processing ContactsController#index (for 127.0.0.1 at 2009-11-21 12:34:52) [GET]
  [4;36;1mContact Load (2.0ms)[0m   [0;1mSELECT * FROM "contacts" [0m
Rendering template within layouts/application
Rendering contacts/index
Rendered layouts/_menu (3.0ms)
Rendered layouts/_sidebar (0.0ms)
Completed in 63ms (View: 39, DB: 2) | 200 OK [http://localhost/]


Processing ContactsController#index (for 127.0.0.1 at 2009-11-21 12:35:11) [GET]
  [4;35;1mContact Load (1.0ms)[0m   [0mSELECT * FROM "contacts" [0m
Rendering template within layouts/application
Rendering contacts/index
Rendered layouts/_menu (2.0ms)
Rendered layouts/_sidebar (1.0ms)
Completed in 41ms (View: 29, DB: 1) | 200 OK [http://localhost/]


Processing ContactsController#index (for 127.0.0.1 at 2009-11-21 12:35:44) [GET]
  [4;36;1mContact Load (1.0ms)[0m   [0;1mSELECT * FROM "contacts" [0m
Rendering template within layouts/application
Rendering contacts/index
Rendered layouts/_menu (2.0ms)
Rendered layouts/_sidebar (0.0ms)
Completed in 40ms (View: 28, DB: 1) | 200 OK [http://localhost/]


Processing ContactsController#index (for 127.0.0.1 at 2009-11-21 12:36:42) [GET]
  [4;35;1mContact Load (1.0ms)[0m   [0mSELECT * FROM "contacts" [0m
Rendering template within layouts/application
Rendering contacts/index
Rendered layouts/_menu (2.0ms)
Rendered layouts/_sidebar (1.0ms)
Completed in 40ms (View: 28, DB: 1) | 200 OK [http://localhost/]


Processing ContactsController#index (for 127.0.0.1 at 2009-11-21 12:37:01) [GET]
  [4;36;1mContact Load (1.0ms)[0m   [0;1mSELECT * FROM "contacts" [0m
Rendering template within layouts/application
Rendering contacts/index
Rendered layouts/_menu (2.0ms)
Rendered layouts/_sidebar (0.0ms)
Completed in 40ms (View: 28, DB: 1) | 200 OK [http://localhost/]


Processing ContactsController#index (for 127.0.0.1 at 2009-11-21 12:38:21) [GET]
  [4;35;1mContact Load (1.0ms)[0m   [0mSELECT * FROM "contacts" [0m
Rendering template within layouts/application
Rendering contacts/index
Rendered layouts/_menu (2.0ms)
Rendered layouts/_sidebar (0.0ms)
Completed in 42ms (View: 29, DB: 1) | 200 OK [http://localhost/]


Processing ContactsController#index (for 127.0.0.1 at 2009-11-21 12:38:38) [GET]
  [4;36;1mContact Load (1.0ms)[0m   [0;1mSELECT * FROM "contacts" [0m
Rendering template within layouts/application
Rendering contacts/index
Rendered layouts/_menu (2.0ms)
Rendered layouts/_sidebar (0.0ms)
Completed in 41ms (View: 29, DB: 1) | 200 OK [http://localhost/]


Processing ContactsController#index (for 127.0.0.1 at 2009-11-21 12:38:46) [GET]
  [4;35;1mContact Load (1.0ms)[0m   [0mSELECT * FROM "contacts" [0m
Rendering template within layouts/application
Rendering contacts/index
Rendered layouts/_menu (2.0ms)
Rendered layouts/_sidebar (1.0ms)
Completed in 54ms (View: 30, DB: 1) | 200 OK [http://localhost/]


Processing OriginalTemplateController#index (for 127.0.0.1 at 2009-11-21 12:39:07) [GET]
Rendering template within layouts/application
Rendering original_template/index
Completed in 112ms (View: 110, DB: 0) | 200 OK [http://localhost/original_template]


Processing ContactsController#index (for 127.0.0.1 at 2009-11-21 12:40:03) [GET]
  [4;36;1mContact Load (1.0ms)[0m   [0;1mSELECT * FROM "contacts" [0m
Rendering template within layouts/application
Rendering contacts/index
Rendered layouts/_menu (1.0ms)
Rendered layouts/_sidebar (0.0ms)
Completed in 37ms (View: 24, DB: 1) | 200 OK [http://localhost/]


Processing ContactsController#index (for 127.0.0.1 at 2009-11-21 12:40:20) [GET]
  [4;35;1mContact Load (1.0ms)[0m   [0mSELECT * FROM "contacts" [0m
Rendering template within layouts/application
Rendering contacts/index
Rendered layouts/_menu (2.0ms)
Rendered layouts/_sidebar (0.0ms)
Completed in 41ms (View: 29, DB: 1) | 200 OK [http://localhost/]


Processing ContactsController#index (for 127.0.0.1 at 2009-11-21 12:42:38) [GET]
  [4;36;1mContact Load (1.0ms)[0m   [0;1mSELECT * FROM "contacts" [0m
Rendering template within layouts/application
Rendering contacts/index
Rendered layouts/_menu (0.0ms)
Rendered layouts/_sidebar (0.0ms)
Completed in 36ms (View: 22, DB: 1) | 200 OK [http://localhost/]
